Arguments: 
  /usr/bin/node /usr/bin/yarn init

PATH: 
  :~/bin:~/.config/yarn/global/node_modules/.bin:/home/cluracan/bin/google-cloud-sdk/bin:/home/cluracan/go/bin:/home/cluracan/android-sdk/platform-tools:/home/cluracan/android-sdk/tools/bin:/home/cluracan/.node/bin:/home/cluracan/go/bin:/home/cluracan/android-sdk/platform-tools:/home/cluracan/android-sdk/tools/bin:/home/cluracan/.node/bin:/usr/local/bin:/usr/bin:/usr/local/sbin:/usr/lib/jvm/default/bin:/usr/bin/site_perl:/usr/bin/vendor_perl:/usr/bin/core_perl

Yarn version: 
  1.22.19

Node version: 
  18.10.0

Platform: 
  linux x64

Trace: 
  Error: canceled
      at Interface.<anonymous> (/usr/lib/node_modules/yarn/lib/cli.js:137150:13)
      at Interface.emit (node:events:513:28)
      at [_ttyWrite] [as _ttyWrite] (node:internal/readline/interface:1124:18)
      at ReadStream.onkeypress (node:internal/readline/interface:273:20)
      at ReadStream.emit (node:events:513:28)
      at emitKeys (node:internal/readline/utils:357:14)
      at emitKeys.next (<anonymous>)
      at ReadStream.onData (node:internal/readline/emitKeypressEvents:64:36)
      at ReadStream.emit (node:events:513:28)
      at addChunk (node:internal/streams/readable:324:12)

npm manifest: 
  No manifest

yarn manifest: 
  No manifest

Lockfile: 
  No lockfile
